<?xml version="1.0" encoding="UTF-8"?>
<!-- Generated by org.testng.reporters.JUnitXMLReporter -->
<testsuite hostname="ISIPLMUMLP144" ignored="0" name="Default test" tests="2" failures="0" timestamp="14 Oct 2019 04:28:38 GMT" time="21.538" errors="0">
  <testcase name="openBrowserandValidate" time="10.793" classname="shaadi.registration.homepage.HomePage"/>
  <testcase name="openBrowserandValidate" time="10.484" classname="shaadi.registration.homepage.HomePage"/>
</testsuite> <!-- Default test -->
